#
# A fatal error has been detected by the Java Runtime Environment:
#
#  Internal Error (javaCalls.cpp:59), pid=4028, tid=7612
#  guarantee(thread->is_Java_thread()) failed: crucial check - the VM thread cannot and must not escape to Java code
#
# JRE version: 7.0_02-b13
# Java VM: Java HotSpot(TM) 64-Bit Server VM (22.0-b10 mixed mode windows-amd64 compressed oops)
# Failed to write core dump. Minidumps are not enabled by default on client versions of Windows
#
# If you would like to submit a bug report, please visit:
#   http://bugreport.sun.com/bugreport/crash.jsp
#

---------------  T H R E A D  ---------------

Current thread (0x0000000002205800):  VMThread [stack: 0x0000000006ae0000,0x0000000006be0000] [id=7612]

Stack: [0x0000000006ae0000,0x0000000006be0000]
VM_Operation (0x0000000007abf240): GetOrSetLocal, mode: safepoint, requested by thread 0x000000000658b000


---------------  P R O C E S S  ---------------

Java Threads: ( => current thread )
  0x00000000065b2800 JavaThread "Service Thread" daemon [_thread_blocked, id=7592, stack(0x00000000084c0000,0x00000000085c0000)]
  0x00000000065a5800 JavaThread "C2 CompilerThread1" daemon [_thread_blocked, id=4076, stack(0x0000000008360000,0x0000000008460000)]
  0x00000000065a2000 JavaThread "C2 CompilerThread0" daemon [_thread_blocked, id=7224, stack(0x00000000081d0000,0x00000000082d0000)]
  0x0000000006593800 JavaThread "JDWP Command Reader" daemon [_thread_in_native, id=4952, stack(0x0000000008020000,0x0000000008120000)]
  0x0000000006592800 JavaThread "JDWP Event Helper Thread" daemon [_thread_blocked, id=6352, stack(0x0000000007e50000,0x0000000007f50000)]
  0x000000000658b000 JavaThread "JDWP Transport Listener: dt_socket" daemon [_thread_blocked, id=3596, stack(0x00000000079c0000,0x0000000007ac0000)]
  0x0000000006583000 JavaThread "Attach Listener" daemon [_thread_blocked, id=5716, stack(0x00000000071f0000,0x00000000072f0000)]
  0x000000000657e000 JavaThread "Signal Dispatcher" daemon [_thread_blocked, id=5656, stack(0x0000000007030000,0x0000000007130000)]
  0x000000000221a000 JavaThread "Finalizer" daemon [_thread_blocked, id=6580, stack(0x0000000006c90000,0x0000000006d90000)]
  0x0000000002211000 JavaThread "Reference Handler" daemon [_thread_blocked, id=1832, stack(0x0000000006d90000,0x0000000006e90000)]
  0x00000000022cc000 JavaThread "main" [_thread_blocked, id=2020, stack(0x0000000002530000,0x0000000002630000)]

Other Threads:
=>0x0000000002205800 VMThread [stack: 0x0000000006ae0000,0x0000000006be0000] [id=7612]
  0x00000000065bb000 WatcherThread [stack: 0x0000000007d20000,0x0000000007e20000] [id=7740]

VM state:at safepoint (normal execution)

VM Mutex/Monitor currently owned by a thread:  ([mutex/lock_event])
[0x00000000022ca4c0] Threads_lock - owner thread: 0x0000000002205800

Heap
 PSYoungGen      total 38144K, used 1308K [0x00000007d56b0000, 0x00000007d8140000, 0x0000000800000000)
  eden space 32704K, 4% used [0x00000007d56b0000,0x00000007d57f7220,0x00000007d76a0000)
  from space 5440K, 0% used [0x00000007d7bf0000,0x00000007d7bf0000,0x00000007d8140000)
  to   space 5440K, 0% used [0x00000007d76a0000,0x00000007d76a0000,0x00000007d7bf0000)
 PSOldGen        total 87232K, used 0K [0x0000000780400000, 0x0000000785930000, 0x00000007d56b0000)
  object space 87232K, 0% used [0x0000000780400000,0x0000000780400000,0x0000000785930000)
 PSPermGen       total 21248K, used 2417K [0x000000077b200000, 0x000000077c6c0000, 0x0000000780400000)
  object space 21248K, 11% used [0x000000077b200000,0x000000077b45c718,0x000000077c6c0000)

Code Cache  [0x0000000002630000, 0x00000000028a0000, 0x0000000005630000)
 total_blobs=154 nmethods=0 adapters=129 free_code_cache=48779Kb largest_free_block=49949952

Dynamic libraries:
0x000000013fc30000 - 0x000000013fc63000 	C:\Program Files\Java\jre7\bin\javaw.exe
0x0000000077c50000 - 0x0000000077df9000 	C:\Windows\SYSTEM32\ntdll.dll
0x00000000776d0000 - 0x00000000777ef000 	C:\Windows\system32\kernel32.dll
0x000007fefe220000 - 0x000007fefe28c000 	C:\Windows\system32\KERNELBASE.dll
0x000007fefe480000 - 0x000007fefe55b000 	C:\Windows\system32\ADVAPI32.dll
0x000007fefe8f0000 - 0x000007fefe98f000 	C:\Windows\system32\msvcrt.dll
0x000007fefe630000 - 0x000007fefe64f000 	C:\Windows\SYSTEM32\sechost.dll
0x000007fefea50000 - 0x000007fefeb7d000 	C:\Windows\system32\RPCRT4.dll
0x0000000077940000 - 0x0000000077a3a000 	C:\Windows\system32\USER32.dll
0x000007fefe880000 - 0x000007fefe8e7000 	C:\Windows\system32\GDI32.dll
0x000007feffcc0000 - 0x000007feffcce000 	C:\Windows\system32\LPK.dll
0x000007fefe560000 - 0x000007fefe629000 	C:\Windows\system32\USP10.dll
0x000007fefca70000 - 0x000007fefcc64000 	C:\Windows\WinSxS\amd64_microsoft.windows.common-controls_6595b64144ccf1df_6.0.7601.17514_none_fa396087175ac9ac\COMCTL32.dll
0x000007fefeb80000 - 0x000007fefebf1000 	C:\Windows\system32\SHLWAPI.dll
0x000007feffbf0000 - 0x000007feffc1e000 	C:\Windows\system32\IMM32.DLL
0x000007feffdb0000 - 0x000007feffeb9000 	C:\Windows\system32\MSCTF.dll
0x00000000551a0000 - 0x0000000055271000 	C:\Program Files\Java\jre7\bin\msvcr100.dll
0x00000000519b0000 - 0x000000005208a000 	C:\Program Files\Java\jre7\bin\server\jvm.dll
0x000007fefaf50000 - 0x000007fefaf59000 	C:\Windows\system32\WSOCK32.dll
0x000007fefea00000 - 0x000007fefea4d000 	C:\Windows\system32\WS2_32.dll
0x000007fefe9f0000 - 0x000007fefe9f8000 	C:\Windows\system32\NSI.dll
0x000007fefbcf0000 - 0x000007fefbd2b000 	C:\Windows\system32\WINMM.dll
0x0000000077e20000 - 0x0000000077e27000 	C:\Windows\system32\PSAPI.DLL
0x0000000055440000 - 0x000000005544f000 	C:\Program Files\Java\jre7\bin\verify.dll
0x0000000055410000 - 0x0000000055438000 	C:\Program Files\Java\jre7\bin\java.dll
0x00000000553b0000 - 0x00000000553e5000 	C:\Program Files\Java\jre7\bin\jdwp.dll
0x00000000553a0000 - 0x00000000553a8000 	C:\Program Files\Java\jre7\bin\npt.dll
0x00000000553f0000 - 0x0000000055405000 	C:\Program Files\Java\jre7\bin\zip.dll
0x0000000055390000 - 0x0000000055399000 	C:\Program Files\Java\jre7\bin\dt_socket.dll
0x000007fefbef0000 - 0x000007fefbf05000 	C:\Windows\system32\NLAapi.dll
0x000007fef4a60000 - 0x000007fef4a75000 	C:\Windows\system32\napinsp.dll
0x000007fef4a30000 - 0x000007fef4a49000 	C:\Windows\system32\pnrpnsp.dll
0x000007fefd8e0000 - 0x000007fefd935000 	C:\Windows\System32\mswsock.dll
0x000007fefd760000 - 0x000007fefd7bb000 	C:\Windows\system32\DNSAPI.dll
0x000007fef4a20000 - 0x000007fef4a2b000 	C:\Windows\System32\winrnr.dll
0x0000000072ca0000 - 0x0000000072cc6000 	C:\Program Files\Bonjour\mdnsNSP.dll
0x000007fefb940000 - 0x000007fefb967000 	C:\Windows\system32\Iphlpapi.DLL
0x000007fefb900000 - 0x000007fefb90b000 	C:\Windows\system32\WINNSI.DLL
0x000007fef6210000 - 0x000007fef623f000 	C:\Program Files\Common Files\Microsoft Shared\Windows Live\WLIDNSP.DLL
0x000007fefb830000 - 0x000007fefb883000 	C:\Windows\System32\fwpuclnt.dll
0x000007fef6200000 - 0x000007fef6208000 	C:\Windows\system32\rasadhlp.dll
0x000007fefd270000 - 0x000007fefd277000 	C:\Windows\System32\wshtcpip.dll

VM Arguments:
jvm_args: -agentlib:jdwp=transport=dt_socket,suspend=y,address=localhost:55977 -Dfile.encoding=Cp1252 
java_command: Main
Launcher Type: SUN_STANDARD

Environment Variables:
PATH=C:\Program Files\Common Files\Microsoft Shared\Windows Live;C:\Program Files (x86)\Common Files\Microsoft Shared\Windows Live;C:\Program Files (x86)\NVIDIA Corporation\PhysX\Common;C:\Windows\system32;C:\Windows;C:\Windows\System32\Wbem;C:\Windows\System32\WindowsPowerShell\v1.0\;c:\Program Files (x86)\Microsoft SQL Server\100\Tools\Binn\;c:\Program Files\Microsoft SQL Server\100\Tools\Binn\;c:\Program Files\Microsoft SQL Server\100\DTS\Binn\;C:\Program Files (x86)\Autodesk\Backburner\;C:\Program Files\Common Files\Autodesk Shared\;C:\Program Files\MATLAB\R2010a\runtime\win64;C:\Program Files\MATLAB\R2010a\bin;C:\Program Files (x86)\Windows Live\Shared;C:\Program Files (x86)\MKVtoolnix;C:\Program Files (x86)\Microsoft SQL Server\100\Tools\Binn\VSShell\Common7\IDE\;C:\Program Files (x86)\Microsoft SQL Server\100\DTS\Binn\;C:\Program Files\TortoiseSVN\bin;C:\Program Files (x86)\Microsoft ASP.NET\ASP.NET Web Pages\v1.0\;C:\Program Files (x86)\clisp-2.49
USERNAME=Alex
OS=Windows_NT
PROCESSOR_IDENTIFIER=Intel64 Family 6 Model 42 Stepping 7, GenuineIntel



---------------  S Y S T E M  ---------------

OS: Windows 7 , 64 bit Build 7601 Service Pack 1

CPU:total 4 (4 cores per cpu, 1 threads per core) family 6 model 42 stepping 7, cmov, cx8, fxsr, mmx, sse, sse2, sse3, ssse3, sse4.1, sse4.2, popcnt

Memory: 4k page, physical 8369212k(5598028k free), swap 16736572k(11027888k free)

vm_info: Java HotSpot(TM) 64-Bit Server VM (22.0-b10) for windows-amd64 JRE (1.7.0_02-b13), built on Nov 17 2011 13:51:15 by "java_re" with unknown MS VC++:1600

time: Thu May 10 16:29:14 2012
elapsed time: 314 seconds

